<?xml version="1.0" encoding="UTF-8"?>
<testsuite xmlns:xsi="http://www.w3.org/2001/XMLSchema-instance" xsi:noNamespaceSchemaLocation="https://maven.apache.org/surefire/maven-surefire-plugin/xsd/surefire-test-report.xsd" name="com.pb.AppTest" time="0.078" tests="1" errors="0" skipped="0" failures="0">
  <properties>
    <property name="sun.desktop" value="windows"/>
    <property name="awt.toolkit" value="sun.awt.windows.WToolkit"/>
    <property name="file.encoding.pkg" value="sun.io"/>
    <property name="java.specification.version" value="1.8"/>
    <property name="sun.cpu.isalist" value="amd64"/>
    <property name="sun.jnu.encoding" value="GBK"/>
    <property name="java.class.path" value="D:\development\workspace\kgc\104\chuitang\common\golf-common\golf-common-repository\target\test-classes;D:\development\workspace\kgc\104\chuitang\common\golf-common\golf-common-repository\target\classes;D:\development\workspace\kgc\104\chuitang\common\golf-common\golf-common-util\target\Golf-common-util-1.0-SNAPSHOT.jar;D:\development\mavenRepository\redis\clients\jedis\2.9.0\jedis-2.9.0.jar;D:\development\mavenRepository\org\apache\commons\commons-pool2\2.4.2\commons-pool2-2.4.2.jar;D:\development\mavenRepository\org\springframework\boot\spring-boot-starter-redis\1.4.5.RELEASE\spring-boot-starter-redis-1.4.5.RELEASE.jar;D:\development\mavenRepository\org\springframework\boot\spring-boot-starter\1.4.5.RELEASE\spring-boot-starter-1.4.5.RELEASE.jar;D:\development\mavenRepository\org\springframework\boot\spring-boot\1.4.5.RELEASE\spring-boot-1.4.5.RELEASE.jar;D:\development\mavenRepository\org\springframework\spring-context\4.3.7.RELEASE\spring-context-4.3.7.RELEASE.jar;D:\development\mavenRepository\org\springframework\spring-expression\4.3.7.RELEASE\spring-expression-4.3.7.RELEASE.jar;D:\development\mavenRepository\org\springframework\boot\spring-boot-autoconfigure\1.4.5.RELEASE\spring-boot-autoconfigure-1.4.5.RELEASE.jar;D:\development\mavenRepository\org\springframework\boot\spring-boot-starter-logging\1.4.5.RELEASE\spring-boot-starter-logging-1.4.5.RELEASE.jar;D:\development\mavenRepository\ch\qos\logback\logback-classic\1.1.11\logback-classic-1.1.11.jar;D:\development\mavenRepository\ch\qos\logback\logback-core\1.1.11\logback-core-1.1.11.jar;D:\development\mavenRepository\org\slf4j\jul-to-slf4j\1.7.24\jul-to-slf4j-1.7.24.jar;D:\development\mavenRepository\org\slf4j\log4j-over-slf4j\1.7.24\log4j-over-slf4j-1.7.24.jar;D:\development\mavenRepository\org\springframework\spring-core\4.3.7.RELEASE\spring-core-4.3.7.RELEASE.jar;D:\development\mavenRepository\org\yaml\snakeyaml\1.17\snakeyaml-1.17.jar;D:\development\mavenRepository\org\springframework\data\spring-data-redis\1.7.8.RELEASE\spring-data-redis-1.7.8.RELEASE.jar;D:\development\mavenRepository\org\springframework\data\spring-data-keyvalue\1.1.8.RELEASE\spring-data-keyvalue-1.1.8.RELEASE.jar;D:\development\mavenRepository\org\springframework\data\spring-data-commons\1.12.8.RELEASE\spring-data-commons-1.12.8.RELEASE.jar;D:\development\mavenRepository\org\springframework\spring-tx\4.2.9.RELEASE\spring-tx-4.2.9.RELEASE.jar;D:\development\mavenRepository\org\springframework\spring-beans\4.2.9.RELEASE\spring-beans-4.2.9.RELEASE.jar;D:\development\mavenRepository\org\springframework\spring-oxm\4.2.9.RELEASE\spring-oxm-4.2.9.RELEASE.jar;D:\development\mavenRepository\org\springframework\spring-aop\4.2.9.RELEASE\spring-aop-4.2.9.RELEASE.jar;D:\development\mavenRepository\aopalliance\aopalliance\1.0\aopalliance-1.0.jar;D:\development\mavenRepository\org\springframework\spring-context-support\4.2.9.RELEASE\spring-context-support-4.2.9.RELEASE.jar;D:\development\mavenRepository\org\slf4j\slf4j-api\1.7.22\slf4j-api-1.7.22.jar;D:\development\mavenRepository\org\slf4j\jcl-over-slf4j\1.7.22\jcl-over-slf4j-1.7.22.jar;D:\development\mavenRepository\org\mybatis\mybatis\3.4.3\mybatis-3.4.3.jar;D:\development\mavenRepository\mysql\mysql-connector-java\5.1.38\mysql-connector-java-5.1.38.jar;D:\development\mavenRepository\log4j\log4j\1.2.17\log4j-1.2.17.jar;D:\development\workspace\kgc\104\chuitang\common\golf-common\golf-common-pojo\target\Golf-common-pojo-1.0-SNAPSHOT.jar;D:\development\mavenRepository\junit\junit\4.11\junit-4.11.jar;D:\development\mavenRepository\org\hamcrest\hamcrest-core\1.3\hamcrest-core-1.3.jar;"/>
    <property name="java.vm.vendor" value="Oracle Corporation"/>
    <property name="sun.arch.data.model" value="64"/>
    <property name="user.variant" value=""/>
    <property name="java.vendor.url" value="http://java.oracle.com/"/>
    <property name="user.timezone" value="Asia/Shanghai"/>
    <property name="java.vm.specification.version" value="1.8"/>
    <property name="os.name" value="Windows 10"/>
    <property name="user.country" value="CN"/>
    <property name="sun.java.launcher" value="SUN_STANDARD"/>
    <property name="sun.boot.library.path" value="D:\Program Files\Java\jdk1.8.0_131\jre\bin"/>
    <property name="sun.java.command" value="C:\Users\15701\AppData\Local\Temp\surefire1003720164264423251\surefirebooter5849742798228057579.jar C:\Users\15701\AppData\Local\Temp\surefire1003720164264423251 2019-02-21T15-44-24_396-jvmRun1 surefire232143423473122182tmp surefire_27770585981254898970tmp"/>
    <property name="surefire.test.class.path" value="D:\development\workspace\kgc\104\chuitang\common\golf-common\golf-common-repository\target\test-classes;D:\development\workspace\kgc\104\chuitang\common\golf-common\golf-common-repository\target\classes;D:\development\workspace\kgc\104\chuitang\common\golf-common\golf-common-util\target\Golf-common-util-1.0-SNAPSHOT.jar;D:\development\mavenRepository\redis\clients\jedis\2.9.0\jedis-2.9.0.jar;D:\development\mavenRepository\org\apache\commons\commons-pool2\2.4.2\commons-pool2-2.4.2.jar;D:\development\mavenRepository\org\springframework\boot\spring-boot-starter-redis\1.4.5.RELEASE\spring-boot-starter-redis-1.4.5.RELEASE.jar;D:\development\mavenRepository\org\springframework\boot\spring-boot-starter\1.4.5.RELEASE\spring-boot-starter-1.4.5.RELEASE.jar;D:\development\mavenRepository\org\springframework\boot\spring-boot\1.4.5.RELEASE\spring-boot-1.4.5.RELEASE.jar;D:\development\mavenRepository\org\springframework\spring-context\4.3.7.RELEASE\spring-context-4.3.7.RELEASE.jar;D:\development\mavenRepository\org\springframework\spring-expression\4.3.7.RELEASE\spring-expression-4.3.7.RELEASE.jar;D:\development\mavenRepository\org\springframework\boot\spring-boot-autoconfigure\1.4.5.RELEASE\spring-boot-autoconfigure-1.4.5.RELEASE.jar;D:\development\mavenRepository\org\springframework\boot\spring-boot-starter-logging\1.4.5.RELEASE\spring-boot-starter-logging-1.4.5.RELEASE.jar;D:\development\mavenRepository\ch\qos\logback\logback-classic\1.1.11\logback-classic-1.1.11.jar;D:\development\mavenRepository\ch\qos\logback\logback-core\1.1.11\logback-core-1.1.11.jar;D:\development\mavenRepository\org\slf4j\jul-to-slf4j\1.7.24\jul-to-slf4j-1.7.24.jar;D:\development\mavenRepository\org\slf4j\log4j-over-slf4j\1.7.24\log4j-over-slf4j-1.7.24.jar;D:\development\mavenRepository\org\springframework\spring-core\4.3.7.RELEASE\spring-core-4.3.7.RELEASE.jar;D:\development\mavenRepository\org\yaml\snakeyaml\1.17\snakeyaml-1.17.jar;D:\development\mavenRepository\org\springframework\data\spring-data-redis\1.7.8.RELEASE\spring-data-redis-1.7.8.RELEASE.jar;D:\development\mavenRepository\org\springframework\data\spring-data-keyvalue\1.1.8.RELEASE\spring-data-keyvalue-1.1.8.RELEASE.jar;D:\development\mavenRepository\org\springframework\data\spring-data-commons\1.12.8.RELEASE\spring-data-commons-1.12.8.RELEASE.jar;D:\development\mavenRepository\org\springframework\spring-tx\4.2.9.RELEASE\spring-tx-4.2.9.RELEASE.jar;D:\development\mavenRepository\org\springframework\spring-beans\4.2.9.RELEASE\spring-beans-4.2.9.RELEASE.jar;D:\development\mavenRepository\org\springframework\spring-oxm\4.2.9.RELEASE\spring-oxm-4.2.9.RELEASE.jar;D:\development\mavenRepository\org\springframework\spring-aop\4.2.9.RELEASE\spring-aop-4.2.9.RELEASE.jar;D:\development\mavenRepository\aopalliance\aopalliance\1.0\aopalliance-1.0.jar;D:\development\mavenRepository\org\springframework\spring-context-support\4.2.9.RELEASE\spring-context-support-4.2.9.RELEASE.jar;D:\development\mavenRepository\org\slf4j\slf4j-api\1.7.22\slf4j-api-1.7.22.jar;D:\development\mavenRepository\org\slf4j\jcl-over-slf4j\1.7.22\jcl-over-slf4j-1.7.22.jar;D:\development\mavenRepository\org\mybatis\mybatis\3.4.3\mybatis-3.4.3.jar;D:\development\mavenRepository\mysql\mysql-connector-java\5.1.38\mysql-connector-java-5.1.38.jar;D:\development\mavenRepository\log4j\log4j\1.2.17\log4j-1.2.17.jar;D:\development\workspace\kgc\104\chuitang\common\golf-common\golf-common-pojo\target\Golf-common-pojo-1.0-SNAPSHOT.jar;D:\development\mavenRepository\junit\junit\4.11\junit-4.11.jar;D:\development\mavenRepository\org\hamcrest\hamcrest-core\1.3\hamcrest-core-1.3.jar;"/>
    <property name="sun.cpu.endian" value="little"/>
    <property name="user.home" value="C:\Users\15701"/>
    <property name="user.language" value="zh"/>
    <property name="java.specification.vendor" value="Oracle Corporation"/>
    <property name="java.home" value="D:\Program Files\Java\jdk1.8.0_131\jre"/>
    <property name="basedir" value="D:\development\workspace\kgc\104\chuitang\common\golf-common\golf-common-repository"/>
    <property name="file.separator" value="\"/>
    <property name="line.separator" value="&#10;"/>
    <property name="java.vm.specification.vendor" value="Oracle Corporation"/>
    <property name="java.specification.name" value="Java Platform API Specification"/>
    <property name="java.awt.graphicsenv" value="sun.awt.Win32GraphicsEnvironment"/>
    <property name="surefire.real.class.path" value="C:\Users\15701\AppData\Local\Temp\surefire1003720164264423251\surefirebooter5849742798228057579.jar"/>
    <property name="sun.boot.class.path" value="D:\Program Files\Java\jdk1.8.0_131\jre\lib\resources.jar;D:\Program Files\Java\jdk1.8.0_131\jre\lib\rt.jar;D:\Program Files\Java\jdk1.8.0_131\jre\lib\sunrsasign.jar;D:\Program Files\Java\jdk1.8.0_131\jre\lib\jsse.jar;D:\Program Files\Java\jdk1.8.0_131\jre\lib\jce.jar;D:\Program Files\Java\jdk1.8.0_131\jre\lib\charsets.jar;D:\Program Files\Java\jdk1.8.0_131\jre\lib\jfr.jar;D:\Program Files\Java\jdk1.8.0_131\jre\classes"/>
    <property name="user.script" value=""/>
    <property name="sun.management.compiler" value="HotSpot 64-Bit Tiered Compilers"/>
    <property name="java.runtime.version" value="1.8.0_131-b11"/>
    <property name="user.name" value="15701"/>
    <property name="path.separator" value=";"/>
    <property name="os.version" value="10.0"/>
    <property name="java.endorsed.dirs" value="D:\Program Files\Java\jdk1.8.0_131\jre\lib\endorsed"/>
    <property name="java.runtime.name" value="Java(TM) SE Runtime Environment"/>
    <property name="file.encoding" value="GBK"/>
    <property name="java.vm.name" value="Java HotSpot(TM) 64-Bit Server VM"/>
    <property name="localRepository" value="D:\development\mavenRepository"/>
    <property name="java.vendor.url.bug" value="http://bugreport.sun.com/bugreport/"/>
    <property name="java.io.tmpdir" value="C:\Users\15701\AppData\Local\Temp\"/>
    <property name="idea.version" value="2017.2"/>
    <property name="java.version" value="1.8.0_131"/>
    <property name="user.dir" value="D:\development\workspace\kgc\104\chuitang\common\golf-common\golf-common-repository"/>
    <property name="os.arch" value="amd64"/>
    <property name="java.vm.specification.name" value="Java Virtual Machine Specification"/>
    <property name="java.awt.printerjob" value="sun.awt.windows.WPrinterJob"/>
    <property name="sun.os.patch.level" value=""/>
    <property name="java.library.path" value="D:\Program Files\Java\jdk1.8.0_131\jre\bin;C:\Windows\Sun\Java\bin;C:\Windows\system32;C:\Windows;C:\Program Files (x86)\Common Files\NetSarang;D:\oracle11g\product\11.2.0\dbhome_1\bin;C:\ProgramData\Oracle\Java\javapath;C:\Program Files (x86)\Intel\Intel(R) Management Engine Components\iCLS\;C:\Program Files\Intel\Intel(R) Management Engine Components\iCLS\;C:\Windows\system32;C:\Windows;C:\Windows\System32\Wbem;C:\Windows\System32\WindowsPowerShell\v1.0\;C:\Windows\System32\OpenSSH\;C:\Program Files (x86)\Intel\Intel(R) Management Engine Components\DAL;C:\Program Files\Intel\Intel(R) Management Engine Components\DAL;C:\Program Files (x86)\Intel\Intel(R) Management Engine Components\IPT;C:\Program Files\Intel\Intel(R) Management Engine Components\IPT;D:\Program Files\MySQL\MySQL Server 5.5\bin;D:\Program Files\Git\cmd;D:\Program Files\nodejs\;D:\Program Files\Java\jdk1.8.0_131\bin;D:\Program Files\Java\jdk1.8.0_131\jre\bin;D:\development\maven\apache-maven-3.2.5\bin;D:\Go\bin;C:\Program Files\Intel\WiFi\bin\;C:\Program Files\Common Files\Intel\WirelessCommon\;C:\Users\15701\AppData\Local\Microsoft\WindowsApps;;D:\Program Files\Docker Toolbox;C:\Users\15701\AppData\Roaming\npm;."/>
    <property name="java.vm.info" value="mixed mode"/>
    <property name="java.vendor" value="Oracle Corporation"/>
    <property name="java.vm.version" value="25.131-b11"/>
    <property name="java.ext.dirs" value="D:\Program Files\Java\jdk1.8.0_131\jre\lib\ext;C:\Windows\Sun\Java\lib\ext"/>
    <property name="sun.io.unicode.encoding" value="UnicodeLittle"/>
    <property name="java.class.version" value="52.0"/>
  </properties>
  <testcase name="shouldAnswerWithTrue" classname="com.pb.AppTest" time="0.003"/>
</testsuite>